<?xml version="1.0" encoding="UTF-8"?>
<!-- Generated by org.testng.reporters.JUnitReportReporter -->
<testsuite hostname="barun-vaio" failures="0" tests="2" name="testCases.TC002_LoginTest" time="3.636" errors="0" timestamp="2024-08-27T12:19:02 IST" skipped="0">
  <testcase classname="testCases.TC002_LoginTest" name="verify_Login" time="1.771"/>
  <system-out/>
  <testcase classname="testCases.TC002_LoginTest" name="verify_Login" time="1.865"/>
  <system-out/>
</testsuite> <!-- testCases.TC002_LoginTest -->
