<?xml version="1.0" encoding="UTF-8"?>
<!-- Generated by org.testng.reporters.JUnitReportReporter -->
<testsuite hostname="barun-vaio" failures="0" tests="2" name="testCases.TC001_AccountRegistrationTest" time="5.198" errors="0" timestamp="2024-08-27T12:19:02 IST" skipped="0">
  <testcase classname="testCases.TC001_AccountRegistrationTest" name="verify_Acc_Registration" time="2.540"/>
  <system-out/>
  <testcase classname="testCases.TC001_AccountRegistrationTest" name="verify_Acc_Registration" time="2.658"/>
  <system-out/>
</testsuite> <!-- testCases.TC001_AccountRegistrationTest -->
