<?xml version="1.0" encoding="UTF-8"?>
<!-- Generated by org.testng.reporters.JUnitReportReporter -->
<testsuite hostname="barun-vaio" failures="0" tests="1" name="testCases.TC001_AccountRegistrationTest" time="2.279" errors="0" timestamp="2024-08-29T19:45:24 IST" skipped="0">
  <testcase classname="testCases.TC001_AccountRegistrationTest" name="verify_Acc_Registration" time="2.279"/>
</testsuite> <!-- testCases.TC001_AccountRegistrationTest -->
